[debug] [2022-07-04T18:06:24.578Z] ----------------------------------------------------------------------
[debug] [2022-07-04T18:06:24.583Z] Command:       C:\Program Files\nodejs\node.exe C:\Users\ISMAIL KHAN\AppData\Roaming\npm\node_modules\firebase-tools\lib\bin\firebase.js init
[debug] [2022-07-04T18:06:24.585Z] CLI Version:   9.16.5
[debug] [2022-07-04T18:06:24.586Z] Platform:      win32
[debug] [2022-07-04T18:06:24.586Z] Node Version:  v14.17.1
[debug] [2022-07-04T18:06:24.589Z] Time:          Mon Jul 04 2022 23:36:24 GMT+0530 (India Standard Time)
[debug] [2022-07-04T18:06:24.589Z] ----------------------------------------------------------------------
[debug] 
[debug] [2022-07-04T18:06:24.607Z] >>> [apiv2][query] GET https://firebase-public.firebaseio.com/cli.json [none]
[debug] [2022-07-04T18:06:24.660Z] > command requires scopes: ["email","openid","https://www.googleapis.com/auth/cloudplatformprojects.readonly","https://www.googleapis.com/auth/firebase","https://www.googleapis.com/auth/cloud-platform"]
[debug] [2022-07-04T18:06:24.661Z] > authorizing via signed-in user (ismailkhan2118@gmail.com)
[info] 
     ######## #### ########  ######## ########     ###     ######  ########
     ##        ##  ##     ## ##       ##     ##  ##   ##  ##       ##
     ######    ##  ########  ######   ########  #########  ######  ######
     ##        ##  ##    ##  ##       ##     ## ##     ##       ## ##
     ##       #### ##     ## ######## ########  ##     ##  ######  ########

You're about to initialize a Firebase project in this directory:

  C:\Users\ISMAIL KHAN\OneDrive\Desktop\angel clone\angel-clone

[debug] [2022-07-04T18:06:25.246Z] <<< [apiv2][status] GET https://firebase-public.firebaseio.com/cli.json 200
[debug] [2022-07-04T18:06:25.247Z] <<< [apiv2][body] GET https://firebase-public.firebaseio.com/cli.json {"cloudBuildErrorAfter":1594252800000,"cloudBuildWarnAfter":1590019200000,"defaultNode10After":1594252800000,"minVersion":"3.0.5","node8DeploysDisabledAfter":1613390400000,"node8RuntimeDisabledAfter":1615809600000,"node8WarnAfter":1600128000000}
